# JRE version: OpenJDK Runtime Environment (19.0.1+10) (build 19.0.1+10-21)
# Java VM: OpenJDK 64-Bit Server VM (19.0.1+10-21, mixed mode, sharing, tiered, compressed oops, compressed class ptrs, g1 gc, windows-amd64)
GC Precious Log:
 CardTable entry size: 512
 Card Set container configuration: InlinePtr #cards 4 size 8 Array Of Cards #cards 16 size 48 Howl #buckets 8 coarsen threshold 3686 Howl Bitmap #cards 512 size 80 coarsen threshold 460 Card regions per heap region 1 cards per card region 4096
 CPUs: 12 total, 12 available
 Memory: 15178M
 Large Page Support: Disabled
 NUMA Support: Disabled
 Compressed Oops: Enabled (Zero based)
 Heap Region Size: 2M
 Heap Min Capacity: 8M
 Heap Initial Capacity: 238M
 Heap Max Capacity: 3796M
 Pre-touch: Disabled
 Parallel Workers: 10
 Concurrent Workers: 3
 Concurrent Refinement Workers: 10
 Periodic GC: Disabled
Heap:
 garbage-first heap   total 90112K, used 38881K [0x0000000712c00000, 0x0000000800000000)
  region size 2048K, 3 young (6144K), 2 survivors (4096K)
 Metaspace       used 75837K, committed 76416K, reserved 1179648K
  class space    used 9420K, committed 9728K, reserved 1048576K
GC Heap History (20 events):
Event: 6.782 GC heap before
{Heap before GC invocations=16 (full 0):
 garbage-first heap   total 90112K, used 66520K [0x0000000712c00000, 0x0000000800000000)
  region size 2048K, 21 young (43008K), 3 survivors (6144K)
 Metaspace       used 65447K, committed 65984K, reserved 1114112K
  class space    used 8522K, committed 8768K, reserved 1048576K
}
Event: 6.789 GC heap after
{Heap after GC invocations=17 (full 0):
 garbage-first heap   total 90112K, used 33777K [0x0000000712c00000, 0x0000000800000000)
  region size 2048K, 3 young (6144K), 3 survivors (6144K)
 Metaspace       used 65447K, committed 65984K, reserved 1114112K
  class space    used 8522K, committed 8768K, reserved 1048576K
}
Event: 1787.616 GC heap before
{Heap before GC invocations=17 (full 0):
 garbage-first heap   total 90112K, used 66545K [0x0000000712c00000, 0x0000000800000000)
  region size 2048K, 19 young (38912K), 3 survivors (6144K)
 Metaspace       used 71888K, committed 72448K, reserved 1114112K
  class space    used 9214K, committed 9472K, reserved 1048576K
}
Event: 1787.622 GC heap after
{Heap after GC invocations=18 (full 0):
 garbage-first heap   total 90112K, used 36548K [0x0000000712c00000, 0x0000000800000000)
  region size 2048K, 2 young (4096K), 2 survivors (4096K)
 Metaspace       used 71888K, committed 72448K, reserved 1114112K
  class space    used 9214K, committed 9472K, reserved 1048576K
}
Event: 6969.652 GC heap before
{Heap before GC invocations=18 (full 0):
 garbage-first heap   total 90112K, used 67268K [0x0000000712c00000, 0x0000000800000000)
  region size 2048K, 17 young (34816K), 2 survivors (4096K)
 Metaspace       used 72835K, committed 73408K, reserved 1114112K
  class space    used 9218K, committed 9536K, reserved 1048576K
}
Event: 6969.665 GC heap after
{Heap after GC invocations=19 (full 0):
 garbage-first heap   total 90112K, used 37272K [0x0000000712c00000, 0x0000000800000000)
  region size 2048K, 2 young (4096K), 2 survivors (4096K)
 Metaspace       used 72835K, committed 73408K, reserved 1114112K
  class space    used 9218K, committed 9536K, reserved 1048576K
}
Event: 7674.774 GC heap before
{Heap before GC invocations=19 (full 0):
 garbage-first heap   total 90112K, used 67992K [0x0000000712c00000, 0x0000000800000000)
  region size 2048K, 18 young (36864K), 2 survivors (4096K)
 Metaspace       used 74850K, committed 75392K, reserved 1179648K
  class space    used 9474K, committed 9728K, reserved 1048576K
}
Event: 7674.786 GC heap after
{Heap after GC invocations=20 (full 0):
 garbage-first heap   total 90112K, used 40815K [0x0000000712c00000, 0x0000000800000000)
  region size 2048K, 3 young (6144K), 3 survivors (6144K)
 Metaspace       used 74850K, committed 75392K, reserved 1179648K
  class space    used 9474K, committed 9728K, reserved 1048576K
}
Event: 11561.266 GC heap before
{Heap before GC invocations=20 (full 0):
 garbage-first heap   total 90112K, used 67439K [0x0000000712c00000, 0x0000000800000000)
  region size 2048K, 16 young (32768K), 3 survivors (6144K)
 Metaspace       used 75383K, committed 75904K, reserved 1179648K
  class space    used 9477K, committed 9728K, reserved 1048576K
}
Event: 11561.278 GC heap after
{Heap after GC invocations=21 (full 0):
 garbage-first heap   total 90112K, used 42093K [0x0000000712c00000, 0x0000000800000000)
  region size 2048K, 2 young (4096K), 2 survivors (4096K)
 Metaspace       used 75383K, committed 75904K, reserved 1179648K
  class space    used 9477K, committed 9728K, reserved 1048576K
}
Event: 46815.567 GC heap before
{Heap before GC invocations=21 (full 0):
 garbage-first heap   total 90112K, used 68717K [0x0000000712c00000, 0x0000000800000000)
  region size 2048K, 15 young (30720K), 2 survivors (4096K)
 Metaspace       used 75628K, committed 76160K, reserved 1179648K
  class space    used 9479K, committed 9728K, reserved 1048576K
}
Event: 46815.616 GC heap after
{Heap after GC invocations=22 (full 0):
 garbage-first heap   total 90112K, used 42091K [0x0000000712c00000, 0x0000000800000000)
  region size 2048K, 2 young (4096K), 2 survivors (4096K)
 Metaspace       used 75628K, committed 76160K, reserved 1179648K
  class space    used 9479K, committed 9728K, reserved 1048576K
}
Event: 50732.476 GC heap before
{Heap before GC invocations=23 (full 0):
 garbage-first heap   total 90112K, used 67815K [0x0000000712c00000, 0x0000000800000000)
  region size 2048K, 15 young (30720K), 2 survivors (4096K)
 Metaspace       used 75556K, committed 76288K, reserved 1179648K
  class space    used 9417K, committed 9728K, reserved 1048576K
}
Event: 50732.496 GC heap after
{Heap after GC invocations=24 (full 0):
 garbage-first heap   total 90112K, used 41539K [0x0000000712c00000, 0x0000000800000000)
  region size 2048K, 2 young (4096K), 2 survivors (4096K)
 Metaspace       used 75556K, committed 76288K, reserved 1179648K
  class space    used 9417K, committed 9728K, reserved 1048576K
}
Event: 51077.367 GC heap before
{Heap before GC invocations=24 (full 0):
 garbage-first heap   total 90112K, used 43587K [0x0000000712c00000, 0x0000000800000000)
  region size 2048K, 3 young (6144K), 2 survivors (4096K)
 Metaspace       used 75568K, committed 76288K, reserved 1179648K
  class space    used 9417K, committed 9728K, reserved 1048576K
}
Event: 51077.418 GC heap after
{Heap after GC invocations=25 (full 0):
 garbage-first heap   total 90112K, used 36947K [0x0000000712c00000, 0x0000000800000000)
  region size 2048K, 1 young (2048K), 1 survivors (2048K)
 Metaspace       used 75568K, committed 76288K, reserved 1179648K
  class space    used 9417K, committed 9728K, reserved 1048576K
}
Event: 58123.814 GC heap before
{Heap before GC invocations=25 (full 0):
 garbage-first heap   total 90112K, used 69715K [0x0000000712c00000, 0x0000000800000000)
  region size 2048K, 17 young (34816K), 1 survivors (2048K)
 Metaspace       used 75729K, committed 76352K, reserved 1179648K
  class space    used 9420K, committed 9728K, reserved 1048576K
}
Event: 58123.835 GC heap after
{Heap after GC invocations=26 (full 0):
 garbage-first heap   total 90112K, used 38479K [0x0000000712c00000, 0x0000000800000000)
  region size 2048K, 2 young (4096K), 2 survivors (4096K)
 Metaspace       used 75729K, committed 76352K, reserved 1179648K
  class space    used 9420K, committed 9728K, reserved 1048576K
}
Event: 66258.654 GC heap before
{Heap before GC invocations=26 (full 0):
 garbage-first heap   total 90112K, used 67151K [0x0000000712c00000, 0x0000000800000000)
  region size 2048K, 17 young (34816K), 2 survivors (4096K)
 Metaspace       used 75837K, committed 76416K, reserved 1179648K
  class space    used 9420K, committed 9728K, reserved 1048576K
}
Event: 66258.688 GC heap after
{Heap after GC invocations=27 (full 0):
 garbage-first heap   total 90112K, used 38881K [0x0000000712c00000, 0x0000000800000000)
  region size 2048K, 2 young (4096K), 2 survivors (4096K)
 Metaspace       used 75837K, committed 76416K, reserved 1179648K
  class space    used 9420K, committed 9728K, reserved 1048576K
}

